<?xml version="1.0" encoding="UTF-8"?>
<!-- Generated by org.testng.reporters.JUnitReportReporter -->
<testsuite skipped="0" hostname="DESKTOP-TP5SJTO" name="com.actitime.ProjectAndCustomer_Scripts.DeleteCustomerTC_03" tests="1" failures="0" timestamp="22 Nov 2018 12:22:44 GMT" time="1.621" errors="0">
  <testcase name="testDeleteCustomerTC_03" time="1.621" classname="com.actitime.ProjectAndCustomer_Scripts.DeleteCustomerTC_03"/>
</testsuite> <!-- com.actitime.ProjectAndCustomer_Scripts.DeleteCustomerTC_03 -->
