<?xml version="1.0" encoding="UTF-8"?>
<!-- Generated by org.testng.reporters.JUnitReportReporter -->
<testsuite skipped="0" hostname="DESKTOP-TP5SJTO" name="FrameWork.CreateCustomerTC_02" tests="1" failures="0" timestamp="18 Nov 2018 09:54:48 GMT" time="1.575" errors="0">
  <testcase name="testCreateCustomerTC_02" time="1.575" classname="FrameWork.CreateCustomerTC_02"/>
</testsuite> <!-- FrameWork.CreateCustomerTC_02 -->
