<?xml version="1.0" encoding="UTF-8"?>
<!-- Generated by org.testng.reporters.JUnitReportReporter -->
<testsuite skipped="0" hostname="DESKTOP-TP5SJTO" name="FrameWork.DeleteCustomerTC_03" tests="1" failures="0" timestamp="18 Nov 2018 10:26:56 GMT" time="1.636" errors="0">
  <testcase name="testDeleteCustomerTC_03" time="1.636" classname="FrameWork.DeleteCustomerTC_03"/>
</testsuite> <!-- FrameWork.DeleteCustomerTC_03 -->
