<?xml version="1.0" encoding="UTF-8"?>
<!-- Generated by org.testng.reporters.JUnitReportReporter -->
<testsuite skipped="0" hostname="DESKTOP-TP5SJTO" name="com.actitime.ProjectAndCustomer_Scripts.CreateCustomerTC_02" tests="1" failures="0" timestamp="22 Nov 2018 12:22:44 GMT" time="1.639" errors="0">
  <testcase name="testCreateCustomerTC_02" time="1.639" classname="com.actitime.ProjectAndCustomer_Scripts.CreateCustomerTC_02"/>
</testsuite> <!-- com.actitime.ProjectAndCustomer_Scripts.CreateCustomerTC_02 -->
