<?xml version="1.0" encoding="UTF-8"?>
<!-- Generated by org.testng.reporters.JUnitReportReporter -->
<testsuite skipped="0" hostname="DESKTOP-TP5SJTO" name="com.actitime.ProjectAndCustomer_Scripts.CreateProjectTC_04" tests="1" failures="0" timestamp="22 Nov 2018 15:51:14 GMT" time="2.471" errors="0">
  <testcase name="testCreateProjectTC_04" time="2.471" classname="com.actitime.ProjectAndCustomer_Scripts.CreateProjectTC_04"/>
</testsuite> <!-- com.actitime.ProjectAndCustomer_Scripts.CreateProjectTC_04 -->
